Using pre-set license
Built from '2021.1/staging' branch; Version is '2021.1.6f1 (c0fade0cc7e9) revision 12647134'; Using compiler version '192528614'; Build Type 'Release'
OS: 'Windows 10 Education; OS build 19042.1052; Version 2009; 64bit' Language: 'zh' Physical Memory: 16330 MB
BatchMode: 1, IsHumanControllingUs: 0, StartBugReporterOnCrash: 0, Is64bit: 1, IsPro: 0

 COMMAND LINE ARGUMENTS:
C:\Program Files\Unity\Hub\Editor\2021.1.6f1\Editor\Unity.exe
-adb2
-batchMode
-noUpm
-name
AssetImportWorker0
-projectPath
G:/Unity/0621_Class_Project
-logFile
Logs/AssetImportWorker0.log
-srvPort
9406
Successfully changed project path to: G:/Unity/0621_Class_Project
G:/Unity/0621_Class_Project
Using Asset Import Pipeline V2.
Refreshing native plugins compatible for Editor in 80.20 ms, found 1 plugins.
Preloading 0 native plugins for Editor in 0.00 ms.
Initialize engine version: 2021.1.6f1 (c0fade0cc7e9)
[Subsystems] Discovering subsystems at path C:/Program Files/Unity/Hub/Editor/2021.1.6f1/Editor/Data/Resources/UnitySubsystems
[Subsystems] Discovering subsystems at path G:/Unity/0621_Class_Project/Assets
GfxDevice: creating device client; threaded=0; jobified=0
Direct3D:
    Version:  Direct3D 11.0 [level 11.1]
    Renderer: Radeon (TM) RX 470 Graphics (ID=0x67df)
    Vendor:   ATI
    VRAM:     4075 MB
    Driver:   27.20.21003.8013
Initialize mono
Mono path[0] = 'C:/Program Files/Unity/Hub/Editor/2021.1.6f1/Editor/Data/Managed'
Mono path[1] = 'C:/Program Files/Unity/Hub/Editor/2021.1.6f1/Editor/Data/MonoBleedingEdge/lib/mono/unityjit'
Mono config path = 'C:/Program Files/Unity/Hub/Editor/2021.1.6f1/Editor/Data/MonoBleedingEdge/etc'
Using monoOptions --debugger-agent=transport=dt_socket,embedding=1,server=y,suspend=n,address=127.0.0.1:56540
Begin MonoManager ReloadAssembly
Registering precompiled unity dll's ...
Register platform support module: C:/Program Files/Unity/Hub/Editor/2021.1.6f1/Editor/Data/PlaybackEngines/WindowsStandaloneSupport/UnityEditor.WindowsStandalone.Extensions.dll
Registered in 0.004029 seconds.
Native extension for WindowsStandalone target not found
Refreshing native plugins compatible for Editor in 60.66 ms, found 1 plugins.
Preloading 0 native plugins for Editor in 0.00 ms.
Mono: successfully reloaded assembly
- Completed reload, in  1.773 seconds
Platform modules already initialized, skipping
Registering precompiled user dll's ...
Registered in 0.004641 seconds.
Begin MonoManager ReloadAssembly
Native extension for WindowsStandalone target not found
Refreshing native plugins compatible for Editor in 82.25 ms, found 1 plugins.
Preloading 0 native plugins for Editor in 0.00 ms.
Mono: successfully reloaded assembly
- Completed reload, in  1.588 seconds
Platform modules already initialized, skipping
========================================================================
Worker process is ready to serve import requests
Launched and connected shader compiler UnityShaderCompiler.exe after 0.07 seconds
Refreshing native plugins compatible for Editor in 1.37 ms, found 1 plugins.
Preloading 0 native plugins for Editor in 0.00 ms.
Unloading 2306 Unused Serialized files (Serialized files now loaded: 0)
System memory in use before: 100.2 MB.
System memory in use after: 100.4 MB.

Unloading 55 unused Assets to reduce memory usage. Loaded Objects now: 2739.
Total: 7.966800 ms (FindLiveObjects: 0.447100 ms CreateObjectMapping: 0.339500 ms MarkObjects: 7.023700 ms  DeleteObjects: 0.155000 ms)

========================================================================
Received Import Request.
  path: Assets/SpriteAssets/Player/Bullet.prefab
  artifactKey: Guid(2a95e9c335a1ab14088ec3f216b62783) Importer(815301076,1909f56bfc062723c751e8b465ee728b)
Start importing Assets/SpriteAssets/Player/Bullet.prefab using Guid(2a95e9c335a1ab14088ec3f216b62783) Importer(815301076,1909f56bfc062723c751e8b465ee728b)  -> (artifact id: 'c6475163ddb89e41b93f60bb1bd81f33') in 0.158517 seconds 
========================================================================
Received Prepare
Refreshing native plugins compatible for Editor in 13.37 ms, found 1 plugins.
Preloading 0 native plugins for Editor in 0.00 ms.
Unloading 41 Unused Serialized files (Serialized files now loaded: 0)
System memory in use before: 58.6 MB.
System memory in use after: 58.8 MB.

Unloading 41 unused Assets to reduce memory usage. Loaded Objects now: 2746.
Total: 7.951900 ms (FindLiveObjects: 0.218600 ms CreateObjectMapping: 0.146300 ms MarkObjects: 7.560200 ms  DeleteObjects: 0.025800 ms)

========================================================================
Received Import Request.
  Time since last request: 302.976873 seconds.
  path: Assets/SpriteAssets/Player/Bullet.prefab
  artifactKey: Guid(2a95e9c335a1ab14088ec3f216b62783) Importer(815301076,1909f56bfc062723c751e8b465ee728b)
Start importing Assets/SpriteAssets/Player/Bullet.prefab using Guid(2a95e9c335a1ab14088ec3f216b62783) Importer(815301076,1909f56bfc062723c751e8b465ee728b)  -> (artifact id: 'b1a16b3a2b43b1bd894c2cb23a2c9fd4') in 0.048954 seconds 
========================================================================
Received Import Request.
  Time since last request: 2.514141 seconds.
  path: Assets/SpriteAssets/Player/Bullet.prefab
  artifactKey: Guid(2a95e9c335a1ab14088ec3f216b62783) Importer(815301076,1909f56bfc062723c751e8b465ee728b)
Start importing Assets/SpriteAssets/Player/Bullet.prefab using Guid(2a95e9c335a1ab14088ec3f216b62783) Importer(815301076,1909f56bfc062723c751e8b465ee728b)  -> (artifact id: '9698696eac17a415a8df37e6874255d6') in 0.026270 seconds 
========================================================================
Received Prepare
Registering precompiled user dll's ...
Registered in 0.003230 seconds.
Begin MonoManager ReloadAssembly
Native extension for WindowsStandalone target not found
Refreshing native plugins compatible for Editor in 1.20 ms, found 1 plugins.
Preloading 0 native plugins for Editor in 0.00 ms.
Mono: successfully reloaded assembly
- Completed reload, in  1.224 seconds
Platform modules already initialized, skipping
Refreshing native plugins compatible for Editor in 0.77 ms, found 1 plugins.
Preloading 0 native plugins for Editor in 0.00 ms.
Unloading 2296 Unused Serialized files (Serialized files now loaded: 0)
System memory in use before: 103.3 MB.
System memory in use after: 103.5 MB.

Unloading 44 unused Assets to reduce memory usage. Loaded Objects now: 2749.
Total: 7.017600 ms (FindLiveObjects: 0.245300 ms CreateObjectMapping: 0.167900 ms MarkObjects: 6.576300 ms  DeleteObjects: 0.026700 ms)

========================================================================
Received Prepare
Refreshing native plugins compatible for Editor in 10.71 ms, found 1 plugins.
Preloading 0 native plugins for Editor in 0.00 ms.
Unloading 41 Unused Serialized files (Serialized files now loaded: 0)
System memory in use before: 58.6 MB.
System memory in use after: 58.8 MB.

Unloading 41 unused Assets to reduce memory usage. Loaded Objects now: 2749.
Total: 6.232300 ms (FindLiveObjects: 0.200400 ms CreateObjectMapping: 0.116700 ms MarkObjects: 5.887300 ms  DeleteObjects: 0.026500 ms)

AssetImportWorkerClient::OnTransportError - code=2 error=End of file
